2012-09-04 18:04:03 Error: [MissingControllerException] Controller class CssController could not be found.
#0 /Applications/MAMP/htdocs/cakeStrap/app/webroot/index.php(92): Dispatcher->dispatch(Object(CakeRequest), Object(CakeResponse))
#1 {main}
2012-09-04 18:22:02 Error: [MissingControllerException] Controller class CssController could not be found.
#0 /Applications/MAMP/htdocs/cakeStrap/app/webroot/index.php(92): Dispatcher->dispatch(Object(CakeRequest), Object(CakeResponse))
#1 {main}
2012-09-04 18:35:02 Error: Fatal Error (4): syntax error, unexpected ')', expecting ',' or ';' in [/Applications/MAMP/htdocs/cakeStrap/app/View/Layouts/default.ctp, line 21]
2012-09-04 18:35:02 Error: [FatalErrorException] syntax error, unexpected ')', expecting ',' or ';'
#0 /Applications/MAMP/htdocs/cakeStrap/lib/Cake/Error/ErrorHandler.php(162): ErrorHandler::handleFatalError(4, 'syntax error, u...', '/Applications/M...', 21)
#1 [internal function]: ErrorHandler::handleError(4, 'syntax error, u...', '/Applications/M...', 21, Array)
#2 /Applications/MAMP/htdocs/cakeStrap/lib/Cake/Core/App.php(926): call_user_func('ErrorHandler::h...', 4, 'syntax error, u...', '/Applications/M...', 21, Array)
#3 /Applications/MAMP/htdocs/cakeStrap/lib/Cake/Core/App.php(899): App::_checkFatalError()
#4 [internal function]: App::shutdown()
#5 {main}
2012-10-31 17:03:19 Error: Fatal Error (4): syntax error, unexpected 'new' (T_NEW) in [C:\xampp\htdocs\caketeste\app\Model\User.php, line 8]
2012-10-31 17:03:19 Error: [FatalErrorException] syntax error, unexpected 'new' (T_NEW)
#0 C:\xampp\htdocs\caketeste\lib\Cake\Error\ErrorHandler.php(162): ErrorHandler::handleFatalError(4, 'syntax error, u...', 'C:\xampp\htdocs...', 8)
#1 [internal function]: ErrorHandler::handleError(4, 'syntax error, u...', 'C:\xampp\htdocs...', 8, Array)
#2 C:\xampp\htdocs\caketeste\lib\Cake\Core\App.php(926): call_user_func('ErrorHandler::h...', 4, 'syntax error, u...', 'C:\xampp\htdocs...', 8, Array)
#3 C:\xampp\htdocs\caketeste\lib\Cake\Core\App.php(899): App::_checkFatalError()
#4 [internal function]: App::shutdown()
#5 {main}
2012-10-31 17:05:50 Error: Fatal Error (4): syntax error, unexpected ')', expecting '(' in [C:\xampp\htdocs\caketeste\app\Model\User.php, line 8]
2012-10-31 17:05:50 Error: [FatalErrorException] syntax error, unexpected ')', expecting '('
#0 C:\xampp\htdocs\caketeste\lib\Cake\Error\ErrorHandler.php(162): ErrorHandler::handleFatalError(4, 'syntax error, u...', 'C:\xampp\htdocs...', 8)
#1 [internal function]: ErrorHandler::handleError(4, 'syntax error, u...', 'C:\xampp\htdocs...', 8, Array)
#2 C:\xampp\htdocs\caketeste\lib\Cake\Core\App.php(926): call_user_func('ErrorHandler::h...', 4, 'syntax error, u...', 'C:\xampp\htdocs...', 8, Array)
#3 C:\xampp\htdocs\caketeste\lib\Cake\Core\App.php(899): App::_checkFatalError()
#4 [internal function]: App::shutdown()
#5 {main}
2012-10-31 17:41:23 Error: [MissingViewException] View file "C:\xampp\htdocs\caketeste\app\View\Pages\display.ctp" is missing.
#0 C:\xampp\htdocs\caketeste\lib\Cake\View\View.php(472): View->_getViewFileName(NULL)
#1 C:\xampp\htdocs\caketeste\lib\Cake\Controller\Controller.php(957): View->render(NULL, NULL)
#2 C:\xampp\htdocs\caketeste\lib\Cake\Routing\Dispatcher.php(193): Controller->render()
#3 C:\xampp\htdocs\caketeste\lib\Cake\Routing\Dispatcher.php(161): Dispatcher->_invoke(Object(PagesController), Object(CakeRequest), Object(CakeResponse))
#4 C:\xampp\htdocs\caketeste\app\webroot\index.php(92): Dispatcher->dispatch(Object(CakeRequest), Object(CakeResponse))
#5 {main}
2012-10-31 18:51:48 Error: [MissingViewException] View file "C:\xampp\htdocs\caketeste\app\View\Posts\view.ctp" is missing.
#0 C:\xampp\htdocs\caketeste\lib\Cake\View\View.php(472): View->_getViewFileName(NULL)
#1 C:\xampp\htdocs\caketeste\lib\Cake\Controller\Controller.php(957): View->render(NULL, NULL)
#2 C:\xampp\htdocs\caketeste\lib\Cake\Routing\Dispatcher.php(193): Controller->render()
#3 C:\xampp\htdocs\caketeste\lib\Cake\Routing\Dispatcher.php(161): Dispatcher->_invoke(Object(PostsController), Object(CakeRequest), Object(CakeResponse))
#4 C:\xampp\htdocs\caketeste\app\webroot\index.php(92): Dispatcher->dispatch(Object(CakeRequest), Object(CakeResponse))
#5 {main}
2012-11-14 17:53:40 Error: [MissingViewException] View file "C:\xampp\htdocs\caketeste\app\View\Posts\add.ctp" is missing.
#0 C:\xampp\htdocs\caketeste\lib\Cake\View\View.php(472): View->_getViewFileName(NULL)
#1 C:\xampp\htdocs\caketeste\lib\Cake\Controller\Controller.php(957): View->render(NULL, NULL)
#2 C:\xampp\htdocs\caketeste\lib\Cake\Routing\Dispatcher.php(193): Controller->render()
#3 C:\xampp\htdocs\caketeste\lib\Cake\Routing\Dispatcher.php(161): Dispatcher->_invoke(Object(PostsController), Object(CakeRequest), Object(CakeResponse))
#4 C:\xampp\htdocs\caketeste\app\webroot\index.php(92): Dispatcher->dispatch(Object(CakeRequest), Object(CakeResponse))
#5 {main}
2012-11-14 18:17:24 Error: Fatal Error (4): syntax error, unexpected '<' in [C:\xampp\htdocs\caketeste\app\View\Posts\index.ctp, line 5]
2012-11-14 18:17:25 Error: [FatalErrorException] syntax error, unexpected '<'
#0 C:\xampp\htdocs\caketeste\lib\Cake\Error\ErrorHandler.php(162): ErrorHandler::handleFatalError(4, 'syntax error, u...', 'C:\xampp\htdocs...', 5)
#1 [internal function]: ErrorHandler::handleError(4, 'syntax error, u...', 'C:\xampp\htdocs...', 5, Array)
#2 C:\xampp\htdocs\caketeste\lib\Cake\Core\App.php(926): call_user_func('ErrorHandler::h...', 4, 'syntax error, u...', 'C:\xampp\htdocs...', 5, Array)
#3 C:\xampp\htdocs\caketeste\lib\Cake\Core\App.php(899): App::_checkFatalError()
#4 [internal function]: App::shutdown()
#5 {main}
2012-11-27 21:24:31 Error: [MissingConnectionException] Database connection "SQLSTATE[28000] [1045] Access denied for user 'root'@'localhost' (using password: NO)" is missing, or could not be created.
#0 /Users/tiagolink/Sites/mamp/tiagolink/blog/lib/Cake/Model/Datasource/DboSource.php(260): Mysql->connect()
#1 /Users/tiagolink/Sites/mamp/tiagolink/blog/lib/Cake/Model/ConnectionManager.php(101): DboSource->__construct(Array)
#2 /Users/tiagolink/Sites/mamp/tiagolink/blog/lib/Cake/Model/Model.php(3158): ConnectionManager::getDataSource('default')
#3 /Users/tiagolink/Sites/mamp/tiagolink/blog/lib/Cake/Model/Model.php(1092): Model->setDataSource('default')
#4 /Users/tiagolink/Sites/mamp/tiagolink/blog/lib/Cake/Model/Model.php(3180): Model->setSource('users')
#5 /Users/tiagolink/Sites/mamp/tiagolink/blog/lib/Cake/Model/Model.php(1301): Model->getDataSource()
#6 /Users/tiagolink/Sites/mamp/tiagolink/blog/lib/Cake/View/Helper/FormHelper.php(197): Model->schema()
#7 /Users/tiagolink/Sites/mamp/tiagolink/blog/lib/Cake/View/Helper/FormHelper.php(436): FormHelper->_introspectModel('User', 'fields')
#8 /Users/tiagolink/Sites/mamp/tiagolink/blog/app/View/Elements/form_login.ctp(19): FormHelper->create('User', Array)
#9 /Users/tiagolink/Sites/mamp/tiagolink/blog/lib/Cake/View/View.php(920): include('/Users/tiagolin...')
#10 /Users/tiagolink/Sites/mamp/tiagolink/blog/lib/Cake/View/View.php(883): View->_evaluate('/Users/tiagolin...', Array)
#11 /Users/tiagolink/Sites/mamp/tiagolink/blog/lib/Cake/View/View.php(424): View->_render('/Users/tiagolin...', Array)
#12 /Users/tiagolink/Sites/mamp/tiagolink/blog/app/View/Pages/home.ctp(65): View->element('form_login')
#13 /Users/tiagolink/Sites/mamp/tiagolink/blog/lib/Cake/View/View.php(920): include('/Users/tiagolin...')
#14 /Users/tiagolink/Sites/mamp/tiagolink/blog/lib/Cake/View/View.php(883): View->_evaluate('/Users/tiagolin...', Array)
#15 /Users/tiagolink/Sites/mamp/tiagolink/blog/lib/Cake/View/View.php(475): View->_render('/Users/tiagolin...')
#16 /Users/tiagolink/Sites/mamp/tiagolink/blog/lib/Cake/Controller/Controller.php(957): View->render(NULL, NULL)
#17 /Users/tiagolink/Sites/mamp/tiagolink/blog/lib/Cake/Routing/Dispatcher.php(193): Controller->render()
#18 /Users/tiagolink/Sites/mamp/tiagolink/blog/lib/Cake/Routing/Dispatcher.php(161): Dispatcher->_invoke(Object(PagesController), Object(CakeRequest), Object(CakeResponse))
#19 /Users/tiagolink/Sites/mamp/tiagolink/blog/app/webroot/index.php(92): Dispatcher->dispatch(Object(CakeRequest), Object(CakeResponse))
#20 {main}
2012-11-27 21:24:34 Error: [MissingControllerException] Controller class JsController could not be found.
#0 /Users/tiagolink/Sites/mamp/tiagolink/blog/app/webroot/index.php(92): Dispatcher->dispatch(Object(CakeRequest), Object(CakeResponse))
#1 {main}
2012-11-27 21:24:50 Error: [MissingControllerException] Controller class JsController could not be found.
#0 /Users/tiagolink/Sites/mamp/tiagolink/blog/app/webroot/index.php(92): Dispatcher->dispatch(Object(CakeRequest), Object(CakeResponse))
#1 {main}
2012-11-27 21:25:03 Error: [MissingControllerException] Controller class JsController could not be found.
#0 /Users/tiagolink/Sites/mamp/tiagolink/blog/app/webroot/index.php(92): Dispatcher->dispatch(Object(CakeRequest), Object(CakeResponse))
#1 {main}
2012-11-27 21:25:11 Error: [MissingControllerException] Controller class JsController could not be found.
#0 /Users/tiagolink/Sites/mamp/tiagolink/blog/app/webroot/index.php(92): Dispatcher->dispatch(Object(CakeRequest), Object(CakeResponse))
#1 {main}
2012-11-27 21:25:16 Error: [MissingControllerException] Controller class JsController could not be found.
#0 /Users/tiagolink/Sites/mamp/tiagolink/blog/app/webroot/index.php(92): Dispatcher->dispatch(Object(CakeRequest), Object(CakeResponse))
#1 {main}
2012-11-27 21:25:35 Error: [MissingControllerException] Controller class JsController could not be found.
#0 /Users/tiagolink/Sites/mamp/tiagolink/blog/app/webroot/index.php(92): Dispatcher->dispatch(Object(CakeRequest), Object(CakeResponse))
#1 {main}
2012-11-27 21:26:49 Error: [MissingControllerException] Controller class JsController could not be found.
#0 /Users/tiagolink/Sites/mamp/tiagolink/blog/app/webroot/index.php(92): Dispatcher->dispatch(Object(CakeRequest), Object(CakeResponse))
#1 {main}
2012-11-27 21:27:06 Error: [MissingControllerException] Controller class PostsController could not be found.
#0 /Users/tiagolink/Sites/mamp/tiagolink/blog/app/webroot/index.php(92): Dispatcher->dispatch(Object(CakeRequest), Object(CakeResponse))
#1 {main}
2012-11-27 21:27:40 Error: [MissingControllerException] Controller class JsController could not be found.
#0 /Users/tiagolink/Sites/mamp/tiagolink/blog/app/webroot/index.php(92): Dispatcher->dispatch(Object(CakeRequest), Object(CakeResponse))
#1 {main}
2012-11-27 21:27:48 Error: [MissingControllerException] Controller class JsController could not be found.
#0 /Users/tiagolink/Sites/mamp/tiagolink/blog/app/webroot/index.php(92): Dispatcher->dispatch(Object(CakeRequest), Object(CakeResponse))
#1 {main}
2012-11-27 21:32:00 Error: [MissingControllerException] Controller class Index.phpController could not be found.
#0 C:\xampp\htdocs\simone_motta\blog\app\webroot\index.php(92): Dispatcher->dispatch(Object(CakeRequest), Object(CakeResponse))
#1 {main}
2012-11-27 21:32:01 Error: [MissingControllerException] Controller class JsController could not be found.
#0 C:\xampp\htdocs\simone_motta\blog\app\webroot\index.php(92): Dispatcher->dispatch(Object(CakeRequest), Object(CakeResponse))
#1 {main}
2012-11-27 21:32:37 Error: [MissingControllerException] Controller class Index.phpController could not be found.
#0 C:\xampp\htdocs\simone_motta\blog\app\webroot\index.php(92): Dispatcher->dispatch(Object(CakeRequest), Object(CakeResponse))
#1 {main}
2012-11-27 21:32:37 Error: [MissingControllerException] Controller class JsController could not be found.
#0 C:\xampp\htdocs\simone_motta\blog\app\webroot\index.php(92): Dispatcher->dispatch(Object(CakeRequest), Object(CakeResponse))
#1 {main}
2012-11-27 21:36:30 Error: [MissingControllerException] Controller class Index.phpController could not be found.
#0 C:\xampp\htdocs\simone_motta\blog\app\webroot\index.php(92): Dispatcher->dispatch(Object(CakeRequest), Object(CakeResponse))
#1 {main}
2012-11-27 21:36:30 Error: [MissingControllerException] Controller class JsController could not be found.
#0 C:\xampp\htdocs\simone_motta\blog\app\webroot\index.php(92): Dispatcher->dispatch(Object(CakeRequest), Object(CakeResponse))
#1 {main}
2012-11-27 21:36:31 Error: [MissingControllerException] Controller class Index.phpController could not be found.
#0 C:\xampp\htdocs\simone_motta\blog\app\webroot\index.php(92): Dispatcher->dispatch(Object(CakeRequest), Object(CakeResponse))
#1 {main}
2012-11-27 21:36:31 Error: [MissingControllerException] Controller class JsController could not be found.
#0 C:\xampp\htdocs\simone_motta\blog\app\webroot\index.php(92): Dispatcher->dispatch(Object(CakeRequest), Object(CakeResponse))
#1 {main}
2012-11-27 21:36:32 Error: [MissingControllerException] Controller class Index.phpController could not be found.
#0 C:\xampp\htdocs\simone_motta\blog\app\webroot\index.php(92): Dispatcher->dispatch(Object(CakeRequest), Object(CakeResponse))
#1 {main}
2012-11-27 21:36:32 Error: [MissingControllerException] Controller class JsController could not be found.
#0 C:\xampp\htdocs\simone_motta\blog\app\webroot\index.php(92): Dispatcher->dispatch(Object(CakeRequest), Object(CakeResponse))
#1 {main}
2012-11-27 21:36:43 Error: [MissingTableException] Table users for model User was not found in datasource default.
#0 C:\xampp\htdocs\simone_motta\blog\lib\Cake\Model\Model.php(3180): Model->setSource('users')
#1 C:\xampp\htdocs\simone_motta\blog\lib\Cake\Model\Model.php(1301): Model->getDataSource()
#2 C:\xampp\htdocs\simone_motta\blog\lib\Cake\View\Helper\FormHelper.php(197): Model->schema()
#3 C:\xampp\htdocs\simone_motta\blog\lib\Cake\View\Helper\FormHelper.php(436): FormHelper->_introspectModel('User', 'fields')
#4 C:\xampp\htdocs\simone_motta\blog\app\View\Elements\form_login.ctp(19): FormHelper->create('User', Array)
#5 C:\xampp\htdocs\simone_motta\blog\lib\Cake\View\View.php(920): include('C:\xampp\htdocs...')
#6 C:\xampp\htdocs\simone_motta\blog\lib\Cake\View\View.php(883): View->_evaluate('C:\xampp\htdocs...', Array)
#7 C:\xampp\htdocs\simone_motta\blog\lib\Cake\View\View.php(424): View->_render('C:\xampp\htdocs...', Array)
#8 C:\xampp\htdocs\simone_motta\blog\app\View\Pages\home.ctp(65): View->element('form_login')
#9 C:\xampp\htdocs\simone_motta\blog\lib\Cake\View\View.php(920): include('C:\xampp\htdocs...')
#10 C:\xampp\htdocs\simone_motta\blog\lib\Cake\View\View.php(883): View->_evaluate('C:\xampp\htdocs...', Array)
#11 C:\xampp\htdocs\simone_motta\blog\lib\Cake\View\View.php(475): View->_render('C:\xampp\htdocs...')
#12 C:\xampp\htdocs\simone_motta\blog\lib\Cake\Controller\Controller.php(957): View->render(NULL, NULL)
#13 C:\xampp\htdocs\simone_motta\blog\lib\Cake\Routing\Dispatcher.php(193): Controller->render()
#14 C:\xampp\htdocs\simone_motta\blog\lib\Cake\Routing\Dispatcher.php(161): Dispatcher->_invoke(Object(PagesController), Object(CakeRequest), Object(CakeResponse))
#15 C:\xampp\htdocs\simone_motta\blog\app\webroot\index.php(92): Dispatcher->dispatch(Object(CakeRequest), Object(CakeResponse))
#16 {main}
2012-11-27 21:52:09 Error: [MissingControllerException] Controller class Index.phpController could not be found.
#0 C:\xampp\htdocs\simone_motta\blog\app\webroot\index.php(92): Dispatcher->dispatch(Object(CakeRequest), Object(CakeResponse))
#1 {main}
2012-11-27 21:52:50 Error: [MissingControllerException] Controller class IndexController could not be found.
#0 C:\xampp\htdocs\simone_motta\blog\app\webroot\index.php(92): Dispatcher->dispatch(Object(CakeRequest), Object(CakeResponse))
#1 {main}
2012-11-27 21:52:57 Error: [MissingTableException] Table users for model User was not found in datasource default.
#0 C:\xampp\htdocs\simone_motta\blog\lib\Cake\Model\Model.php(3180): Model->setSource('users')
#1 C:\xampp\htdocs\simone_motta\blog\lib\Cake\Model\Model.php(1301): Model->getDataSource()
#2 C:\xampp\htdocs\simone_motta\blog\lib\Cake\View\Helper\FormHelper.php(197): Model->schema()
#3 C:\xampp\htdocs\simone_motta\blog\lib\Cake\View\Helper\FormHelper.php(436): FormHelper->_introspectModel('User', 'fields')
#4 C:\xampp\htdocs\simone_motta\blog\app\View\Elements\form_login.ctp(19): FormHelper->create('User', Array)
#5 C:\xampp\htdocs\simone_motta\blog\lib\Cake\View\View.php(920): include('C:\xampp\htdocs...')
#6 C:\xampp\htdocs\simone_motta\blog\lib\Cake\View\View.php(883): View->_evaluate('C:\xampp\htdocs...', Array)
#7 C:\xampp\htdocs\simone_motta\blog\lib\Cake\View\View.php(424): View->_render('C:\xampp\htdocs...', Array)
#8 C:\xampp\htdocs\simone_motta\blog\app\View\Pages\home.ctp(65): View->element('form_login')
#9 C:\xampp\htdocs\simone_motta\blog\lib\Cake\View\View.php(920): include('C:\xampp\htdocs...')
#10 C:\xampp\htdocs\simone_motta\blog\lib\Cake\View\View.php(883): View->_evaluate('C:\xampp\htdocs...', Array)
#11 C:\xampp\htdocs\simone_motta\blog\lib\Cake\View\View.php(475): View->_render('C:\xampp\htdocs...')
#12 C:\xampp\htdocs\simone_motta\blog\lib\Cake\Controller\Controller.php(957): View->render(NULL, NULL)
#13 C:\xampp\htdocs\simone_motta\blog\lib\Cake\Routing\Dispatcher.php(193): Controller->render()
#14 C:\xampp\htdocs\simone_motta\blog\lib\Cake\Routing\Dispatcher.php(161): Dispatcher->_invoke(Object(PagesController), Object(CakeRequest), Object(CakeResponse))
#15 C:\xampp\htdocs\simone_motta\blog\app\webroot\index.php(92): Dispatcher->dispatch(Object(CakeRequest), Object(CakeResponse))
#16 {main}
2012-11-27 22:29:32 Error: [MissingTableException] Table users for model User was not found in datasource default.
#0 C:\xampp\htdocs\simone_motta\blog\lib\Cake\Model\Model.php(3180): Model->setSource('users')
#1 C:\xampp\htdocs\simone_motta\blog\lib\Cake\Model\Model.php(1301): Model->getDataSource()
#2 C:\xampp\htdocs\simone_motta\blog\lib\Cake\View\Helper\FormHelper.php(197): Model->schema()
#3 C:\xampp\htdocs\simone_motta\blog\lib\Cake\View\Helper\FormHelper.php(436): FormHelper->_introspectModel('User', 'fields')
#4 C:\xampp\htdocs\simone_motta\blog\app\View\Elements\form_login.ctp(19): FormHelper->create('User', Array)
#5 C:\xampp\htdocs\simone_motta\blog\lib\Cake\View\View.php(920): include('C:\xampp\htdocs...')
#6 C:\xampp\htdocs\simone_motta\blog\lib\Cake\View\View.php(883): View->_evaluate('C:\xampp\htdocs...', Array)
#7 C:\xampp\htdocs\simone_motta\blog\lib\Cake\View\View.php(424): View->_render('C:\xampp\htdocs...', Array)
#8 C:\xampp\htdocs\simone_motta\blog\app\View\Pages\home.ctp(65): View->element('form_login')
#9 C:\xampp\htdocs\simone_motta\blog\lib\Cake\View\View.php(920): include('C:\xampp\htdocs...')
#10 C:\xampp\htdocs\simone_motta\blog\lib\Cake\View\View.php(883): View->_evaluate('C:\xampp\htdocs...', Array)
#11 C:\xampp\htdocs\simone_motta\blog\lib\Cake\View\View.php(475): View->_render('C:\xampp\htdocs...')
#12 C:\xampp\htdocs\simone_motta\blog\lib\Cake\Controller\Controller.php(957): View->render(NULL, NULL)
#13 C:\xampp\htdocs\simone_motta\blog\lib\Cake\Routing\Dispatcher.php(193): Controller->render()
#14 C:\xampp\htdocs\simone_motta\blog\lib\Cake\Routing\Dispatcher.php(161): Dispatcher->_invoke(Object(PagesController), Object(CakeRequest), Object(CakeResponse))
#15 C:\xampp\htdocs\simone_motta\blog\app\webroot\index.php(92): Dispatcher->dispatch(Object(CakeRequest), Object(CakeResponse))
#16 {main}
2012-11-27 23:49:44 Error: [MissingControllerException] Controller class HelloController could not be found.
#0 C:\xampp\htdocs\simone_motta\blog\app\webroot\index.php(92): Dispatcher->dispatch(Object(CakeRequest), Object(CakeResponse))
#1 {main}
2012-11-27 23:52:05 Error: [MissingActionException] Action HelloController::index() could not be found.
#0 C:\xampp\htdocs\simone_motta\blog\lib\Cake\Routing\Dispatcher.php(186): Controller->invokeAction(Object(CakeRequest))
#1 C:\xampp\htdocs\simone_motta\blog\lib\Cake\Routing\Dispatcher.php(161): Dispatcher->_invoke(Object(HelloController), Object(CakeRequest), Object(CakeResponse))
#2 C:\xampp\htdocs\simone_motta\blog\app\webroot\index.php(92): Dispatcher->dispatch(Object(CakeRequest), Object(CakeResponse))
#3 {main}
2012-11-27 23:53:54 Error: [MissingTableException] Table users for model User was not found in datasource default.
#0 C:\xampp\htdocs\simone_motta\blog\lib\Cake\Model\Model.php(3180): Model->setSource('users')
#1 C:\xampp\htdocs\simone_motta\blog\lib\Cake\Model\Model.php(1301): Model->getDataSource()
#2 C:\xampp\htdocs\simone_motta\blog\lib\Cake\View\Helper\FormHelper.php(197): Model->schema()
#3 C:\xampp\htdocs\simone_motta\blog\lib\Cake\View\Helper\FormHelper.php(436): FormHelper->_introspectModel('User', 'fields')
#4 C:\xampp\htdocs\simone_motta\blog\app\View\Elements\form_login.ctp(19): FormHelper->create('User', Array)
#5 C:\xampp\htdocs\simone_motta\blog\lib\Cake\View\View.php(920): include('C:\xampp\htdocs...')
#6 C:\xampp\htdocs\simone_motta\blog\lib\Cake\View\View.php(883): View->_evaluate('C:\xampp\htdocs...', Array)
#7 C:\xampp\htdocs\simone_motta\blog\lib\Cake\View\View.php(424): View->_render('C:\xampp\htdocs...', Array)
#8 C:\xampp\htdocs\simone_motta\blog\app\View\Users\login.ctp(5): View->element('form_login')
#9 C:\xampp\htdocs\simone_motta\blog\lib\Cake\View\View.php(920): include('C:\xampp\htdocs...')
#10 C:\xampp\htdocs\simone_motta\blog\lib\Cake\View\View.php(883): View->_evaluate('C:\xampp\htdocs...', Array)
#11 C:\xampp\htdocs\simone_motta\blog\lib\Cake\View\View.php(475): View->_render('C:\xampp\htdocs...')
#12 C:\xampp\htdocs\simone_motta\blog\lib\Cake\Controller\Controller.php(957): View->render(NULL, NULL)
#13 C:\xampp\htdocs\simone_motta\blog\lib\Cake\Routing\Dispatcher.php(193): Controller->render()
#14 C:\xampp\htdocs\simone_motta\blog\lib\Cake\Routing\Dispatcher.php(161): Dispatcher->_invoke(Object(UsersController), Object(CakeRequest), Object(CakeResponse))
#15 C:\xampp\htdocs\simone_motta\blog\app\webroot\index.php(92): Dispatcher->dispatch(Object(CakeRequest), Object(CakeResponse))
#16 {main}
2012-11-28 00:00:35 Error: [MissingTableException] Table users for model User was not found in datasource default.
#0 C:\xampp\htdocs\simone_motta\blog\lib\Cake\Model\Model.php(3180): Model->setSource('users')
#1 C:\xampp\htdocs\simone_motta\blog\lib\Cake\Model\Model.php(1301): Model->getDataSource()
#2 C:\xampp\htdocs\simone_motta\blog\lib\Cake\View\Helper\FormHelper.php(197): Model->schema()
#3 C:\xampp\htdocs\simone_motta\blog\lib\Cake\View\Helper\FormHelper.php(436): FormHelper->_introspectModel('User', 'fields')
#4 C:\xampp\htdocs\simone_motta\blog\app\View\Elements\form_login.ctp(19): FormHelper->create('User', Array)
#5 C:\xampp\htdocs\simone_motta\blog\lib\Cake\View\View.php(920): include('C:\xampp\htdocs...')
#6 C:\xampp\htdocs\simone_motta\blog\lib\Cake\View\View.php(883): View->_evaluate('C:\xampp\htdocs...', Array)
#7 C:\xampp\htdocs\simone_motta\blog\lib\Cake\View\View.php(424): View->_render('C:\xampp\htdocs...', Array)
#8 C:\xampp\htdocs\simone_motta\blog\app\View\Users\login.ctp(5): View->element('form_login')
#9 C:\xampp\htdocs\simone_motta\blog\lib\Cake\View\View.php(920): include('C:\xampp\htdocs...')
#10 C:\xampp\htdocs\simone_motta\blog\lib\Cake\View\View.php(883): View->_evaluate('C:\xampp\htdocs...', Array)
#11 C:\xampp\htdocs\simone_motta\blog\lib\Cake\View\View.php(475): View->_render('C:\xampp\htdocs...')
#12 C:\xampp\htdocs\simone_motta\blog\lib\Cake\Controller\Controller.php(957): View->render(NULL, NULL)
#13 C:\xampp\htdocs\simone_motta\blog\lib\Cake\Routing\Dispatcher.php(193): Controller->render()
#14 C:\xampp\htdocs\simone_motta\blog\lib\Cake\Routing\Dispatcher.php(161): Dispatcher->_invoke(Object(UsersController), Object(CakeRequest), Object(CakeResponse))
#15 C:\xampp\htdocs\simone_motta\blog\app\webroot\index.php(92): Dispatcher->dispatch(Object(CakeRequest), Object(CakeResponse))
#16 {main}
2012-11-28 00:01:51 Error: [MissingTableException] Table users for model User was not found in datasource default.
#0 C:\xampp\htdocs\simone_motta\blog\lib\Cake\Model\Model.php(3180): Model->setSource('users')
#1 C:\xampp\htdocs\simone_motta\blog\lib\Cake\Model\Model.php(1301): Model->getDataSource()
#2 C:\xampp\htdocs\simone_motta\blog\lib\Cake\View\Helper\FormHelper.php(197): Model->schema()
#3 C:\xampp\htdocs\simone_motta\blog\lib\Cake\View\Helper\FormHelper.php(436): FormHelper->_introspectModel('User', 'fields')
#4 C:\xampp\htdocs\simone_motta\blog\app\View\Elements\form_login.ctp(19): FormHelper->create('User', Array)
#5 C:\xampp\htdocs\simone_motta\blog\lib\Cake\View\View.php(920): include('C:\xampp\htdocs...')
#6 C:\xampp\htdocs\simone_motta\blog\lib\Cake\View\View.php(883): View->_evaluate('C:\xampp\htdocs...', Array)
#7 C:\xampp\htdocs\simone_motta\blog\lib\Cake\View\View.php(424): View->_render('C:\xampp\htdocs...', Array)
#8 C:\xampp\htdocs\simone_motta\blog\app\View\Users\login.ctp(5): View->element('form_login')
#9 C:\xampp\htdocs\simone_motta\blog\lib\Cake\View\View.php(920): include('C:\xampp\htdocs...')
#10 C:\xampp\htdocs\simone_motta\blog\lib\Cake\View\View.php(883): View->_evaluate('C:\xampp\htdocs...', Array)
#11 C:\xampp\htdocs\simone_motta\blog\lib\Cake\View\View.php(475): View->_render('C:\xampp\htdocs...')
#12 C:\xampp\htdocs\simone_motta\blog\lib\Cake\Controller\Controller.php(957): View->render(NULL, NULL)
#13 C:\xampp\htdocs\simone_motta\blog\lib\Cake\Routing\Dispatcher.php(193): Controller->render()
#14 C:\xampp\htdocs\simone_motta\blog\lib\Cake\Routing\Dispatcher.php(161): Dispatcher->_invoke(Object(UsersController), Object(CakeRequest), Object(CakeResponse))
#15 C:\xampp\htdocs\simone_motta\blog\app\webroot\index.php(92): Dispatcher->dispatch(Object(CakeRequest), Object(CakeResponse))
#16 {main}
2012-11-28 00:02:01 Error: [MissingTableException] Table users for model User was not found in datasource default.
#0 C:\xampp\htdocs\simone_motta\blog\lib\Cake\Model\Model.php(3180): Model->setSource('users')
#1 C:\xampp\htdocs\simone_motta\blog\lib\Cake\Model\Model.php(1301): Model->getDataSource()
#2 C:\xampp\htdocs\simone_motta\blog\lib\Cake\View\Helper\FormHelper.php(197): Model->schema()
#3 C:\xampp\htdocs\simone_motta\blog\lib\Cake\View\Helper\FormHelper.php(436): FormHelper->_introspectModel('User', 'fields')
#4 C:\xampp\htdocs\simone_motta\blog\app\View\Elements\form_login.ctp(19): FormHelper->create('User', Array)
#5 C:\xampp\htdocs\simone_motta\blog\lib\Cake\View\View.php(920): include('C:\xampp\htdocs...')
#6 C:\xampp\htdocs\simone_motta\blog\lib\Cake\View\View.php(883): View->_evaluate('C:\xampp\htdocs...', Array)
#7 C:\xampp\htdocs\simone_motta\blog\lib\Cake\View\View.php(424): View->_render('C:\xampp\htdocs...', Array)
#8 C:\xampp\htdocs\simone_motta\blog\app\View\Users\login.ctp(5): View->element('form_login')
#9 C:\xampp\htdocs\simone_motta\blog\lib\Cake\View\View.php(920): include('C:\xampp\htdocs...')
#10 C:\xampp\htdocs\simone_motta\blog\lib\Cake\View\View.php(883): View->_evaluate('C:\xampp\htdocs...', Array)
#11 C:\xampp\htdocs\simone_motta\blog\lib\Cake\View\View.php(475): View->_render('C:\xampp\htdocs...')
#12 C:\xampp\htdocs\simone_motta\blog\lib\Cake\Controller\Controller.php(957): View->render(NULL, NULL)
#13 C:\xampp\htdocs\simone_motta\blog\lib\Cake\Routing\Dispatcher.php(193): Controller->render()
#14 C:\xampp\htdocs\simone_motta\blog\lib\Cake\Routing\Dispatcher.php(161): Dispatcher->_invoke(Object(UsersController), Object(CakeRequest), Object(CakeResponse))
#15 C:\xampp\htdocs\simone_motta\blog\app\webroot\index.php(92): Dispatcher->dispatch(Object(CakeRequest), Object(CakeResponse))
#16 {main}
2012-11-28 00:02:07 Error: [MissingTableException] Table users for model User was not found in datasource default.
#0 C:\xampp\htdocs\simone_motta\blog\lib\Cake\Model\Model.php(3180): Model->setSource('users')
#1 C:\xampp\htdocs\simone_motta\blog\lib\Cake\Model\Model.php(1301): Model->getDataSource()
#2 C:\xampp\htdocs\simone_motta\blog\lib\Cake\View\Helper\FormHelper.php(197): Model->schema()
#3 C:\xampp\htdocs\simone_motta\blog\lib\Cake\View\Helper\FormHelper.php(436): FormHelper->_introspectModel('User', 'fields')
#4 C:\xampp\htdocs\simone_motta\blog\app\View\Elements\form_login.ctp(19): FormHelper->create('User', Array)
#5 C:\xampp\htdocs\simone_motta\blog\lib\Cake\View\View.php(920): include('C:\xampp\htdocs...')
#6 C:\xampp\htdocs\simone_motta\blog\lib\Cake\View\View.php(883): View->_evaluate('C:\xampp\htdocs...', Array)
#7 C:\xampp\htdocs\simone_motta\blog\lib\Cake\View\View.php(424): View->_render('C:\xampp\htdocs...', Array)
#8 C:\xampp\htdocs\simone_motta\blog\app\View\Pages\home.ctp(65): View->element('form_login')
#9 C:\xampp\htdocs\simone_motta\blog\lib\Cake\View\View.php(920): include('C:\xampp\htdocs...')
#10 C:\xampp\htdocs\simone_motta\blog\lib\Cake\View\View.php(883): View->_evaluate('C:\xampp\htdocs...', Array)
#11 C:\xampp\htdocs\simone_motta\blog\lib\Cake\View\View.php(475): View->_render('C:\xampp\htdocs...')
#12 C:\xampp\htdocs\simone_motta\blog\lib\Cake\Controller\Controller.php(957): View->render(NULL, NULL)
#13 C:\xampp\htdocs\simone_motta\blog\lib\Cake\Routing\Dispatcher.php(193): Controller->render()
#14 C:\xampp\htdocs\simone_motta\blog\lib\Cake\Routing\Dispatcher.php(161): Dispatcher->_invoke(Object(PagesController), Object(CakeRequest), Object(CakeResponse))
#15 C:\xampp\htdocs\simone_motta\blog\app\webroot\index.php(92): Dispatcher->dispatch(Object(CakeRequest), Object(CakeResponse))
#16 {main}
2012-11-28 00:03:25 Error: [MissingTableException] Table users for model User was not found in datasource default.
#0 C:\xampp\htdocs\simone_motta\blog\lib\Cake\Model\Model.php(3180): Model->setSource('users')
#1 C:\xampp\htdocs\simone_motta\blog\lib\Cake\Model\Model.php(1301): Model->getDataSource()
#2 C:\xampp\htdocs\simone_motta\blog\lib\Cake\View\Helper\FormHelper.php(197): Model->schema()
#3 C:\xampp\htdocs\simone_motta\blog\lib\Cake\View\Helper\FormHelper.php(436): FormHelper->_introspectModel('User', 'fields')
#4 C:\xampp\htdocs\simone_motta\blog\app\View\Elements\form_login.ctp(19): FormHelper->create('User', Array)
#5 C:\xampp\htdocs\simone_motta\blog\lib\Cake\View\View.php(920): include('C:\xampp\htdocs...')
#6 C:\xampp\htdocs\simone_motta\blog\lib\Cake\View\View.php(883): View->_evaluate('C:\xampp\htdocs...', Array)
#7 C:\xampp\htdocs\simone_motta\blog\lib\Cake\View\View.php(424): View->_render('C:\xampp\htdocs...', Array)
#8 C:\xampp\htdocs\simone_motta\blog\app\View\Users\login.ctp(5): View->element('form_login')
#9 C:\xampp\htdocs\simone_motta\blog\lib\Cake\View\View.php(920): include('C:\xampp\htdocs...')
#10 C:\xampp\htdocs\simone_motta\blog\lib\Cake\View\View.php(883): View->_evaluate('C:\xampp\htdocs...', Array)
#11 C:\xampp\htdocs\simone_motta\blog\lib\Cake\View\View.php(475): View->_render('C:\xampp\htdocs...')
#12 C:\xampp\htdocs\simone_motta\blog\lib\Cake\Controller\Controller.php(957): View->render(NULL, NULL)
#13 C:\xampp\htdocs\simone_motta\blog\lib\Cake\Routing\Dispatcher.php(193): Controller->render()
#14 C:\xampp\htdocs\simone_motta\blog\lib\Cake\Routing\Dispatcher.php(161): Dispatcher->_invoke(Object(UsersController), Object(CakeRequest), Object(CakeResponse))
#15 C:\xampp\htdocs\simone_motta\blog\app\webroot\index.php(92): Dispatcher->dispatch(Object(CakeRequest), Object(CakeResponse))
#16 {main}
2012-11-28 00:04:19 Error: [MissingTableException] Table users for model User was not found in datasource default.
#0 C:\xampp\htdocs\simone_motta\blog\lib\Cake\Model\Model.php(3180): Model->setSource('users')
#1 C:\xampp\htdocs\simone_motta\blog\lib\Cake\Model\Model.php(1301): Model->getDataSource()
#2 C:\xampp\htdocs\simone_motta\blog\lib\Cake\View\Helper\FormHelper.php(197): Model->schema()
#3 C:\xampp\htdocs\simone_motta\blog\lib\Cake\View\Helper\FormHelper.php(436): FormHelper->_introspectModel('User', 'fields')
#4 C:\xampp\htdocs\simone_motta\blog\app\View\Elements\form_login.ctp(19): FormHelper->create('User', Array)
#5 C:\xampp\htdocs\simone_motta\blog\lib\Cake\View\View.php(920): include('C:\xampp\htdocs...')
#6 C:\xampp\htdocs\simone_motta\blog\lib\Cake\View\View.php(883): View->_evaluate('C:\xampp\htdocs...', Array)
#7 C:\xampp\htdocs\simone_motta\blog\lib\Cake\View\View.php(424): View->_render('C:\xampp\htdocs...', Array)
#8 C:\xampp\htdocs\simone_motta\blog\app\View\Users\login.ctp(5): View->element('form_login')
#9 C:\xampp\htdocs\simone_motta\blog\lib\Cake\View\View.php(920): include('C:\xampp\htdocs...')
#10 C:\xampp\htdocs\simone_motta\blog\lib\Cake\View\View.php(883): View->_evaluate('C:\xampp\htdocs...', Array)
#11 C:\xampp\htdocs\simone_motta\blog\lib\Cake\View\View.php(475): View->_render('C:\xampp\htdocs...')
#12 C:\xampp\htdocs\simone_motta\blog\lib\Cake\Controller\Controller.php(957): View->render(NULL, NULL)
#13 C:\xampp\htdocs\simone_motta\blog\lib\Cake\Routing\Dispatcher.php(193): Controller->render()
#14 C:\xampp\htdocs\simone_motta\blog\lib\Cake\Routing\Dispatcher.php(161): Dispatcher->_invoke(Object(UsersController), Object(CakeRequest), Object(CakeResponse))
#15 C:\xampp\htdocs\simone_motta\blog\app\webroot\index.php(92): Dispatcher->dispatch(Object(CakeRequest), Object(CakeResponse))
#16 {main}
2012-11-28 00:04:29 Error: [MissingTableException] Table users for model User was not found in datasource default.
#0 C:\xampp\htdocs\simone_motta\blog\lib\Cake\Model\Model.php(3180): Model->setSource('users')
#1 C:\xampp\htdocs\simone_motta\blog\lib\Cake\Model\Model.php(1301): Model->getDataSource()
#2 C:\xampp\htdocs\simone_motta\blog\lib\Cake\View\Helper\FormHelper.php(197): Model->schema()
#3 C:\xampp\htdocs\simone_motta\blog\lib\Cake\View\Helper\FormHelper.php(436): FormHelper->_introspectModel('User', 'fields')
#4 C:\xampp\htdocs\simone_motta\blog\app\View\Elements\form_login.ctp(19): FormHelper->create('User', Array)
#5 C:\xampp\htdocs\simone_motta\blog\lib\Cake\View\View.php(920): include('C:\xampp\htdocs...')
#6 C:\xampp\htdocs\simone_motta\blog\lib\Cake\View\View.php(883): View->_evaluate('C:\xampp\htdocs...', Array)
#7 C:\xampp\htdocs\simone_motta\blog\lib\Cake\View\View.php(424): View->_render('C:\xampp\htdocs...', Array)
#8 C:\xampp\htdocs\simone_motta\blog\app\View\Pages\home.ctp(65): View->element('form_login')
#9 C:\xampp\htdocs\simone_motta\blog\lib\Cake\View\View.php(920): include('C:\xampp\htdocs...')
#10 C:\xampp\htdocs\simone_motta\blog\lib\Cake\View\View.php(883): View->_evaluate('C:\xampp\htdocs...', Array)
#11 C:\xampp\htdocs\simone_motta\blog\lib\Cake\View\View.php(475): View->_render('C:\xampp\htdocs...')
#12 C:\xampp\htdocs\simone_motta\blog\lib\Cake\Controller\Controller.php(957): View->render(NULL, NULL)
#13 C:\xampp\htdocs\simone_motta\blog\lib\Cake\Routing\Dispatcher.php(193): Controller->render()
#14 C:\xampp\htdocs\simone_motta\blog\lib\Cake\Routing\Dispatcher.php(161): Dispatcher->_invoke(Object(PagesController), Object(CakeRequest), Object(CakeResponse))
#15 C:\xampp\htdocs\simone_motta\blog\app\webroot\index.php(92): Dispatcher->dispatch(Object(CakeRequest), Object(CakeResponse))
#16 {main}
2012-11-28 00:04:46 Error: [MissingTableException] Table users for model User was not found in datasource default.
#0 C:\xampp\htdocs\simone_motta\blog\lib\Cake\Model\Model.php(3180): Model->setSource('users')
#1 C:\xampp\htdocs\simone_motta\blog\lib\Cake\Model\Model.php(1301): Model->getDataSource()
#2 C:\xampp\htdocs\simone_motta\blog\lib\Cake\View\Helper\FormHelper.php(197): Model->schema()
#3 C:\xampp\htdocs\simone_motta\blog\lib\Cake\View\Helper\FormHelper.php(436): FormHelper->_introspectModel('User', 'fields')
#4 C:\xampp\htdocs\simone_motta\blog\app\View\Elements\form_login.ctp(19): FormHelper->create('User', Array)
#5 C:\xampp\htdocs\simone_motta\blog\lib\Cake\View\View.php(920): include('C:\xampp\htdocs...')
#6 C:\xampp\htdocs\simone_motta\blog\lib\Cake\View\View.php(883): View->_evaluate('C:\xampp\htdocs...', Array)
#7 C:\xampp\htdocs\simone_motta\blog\lib\Cake\View\View.php(424): View->_render('C:\xampp\htdocs...', Array)
#8 C:\xampp\htdocs\simone_motta\blog\app\View\Users\login.ctp(5): View->element('form_login')
#9 C:\xampp\htdocs\simone_motta\blog\lib\Cake\View\View.php(920): include('C:\xampp\htdocs...')
#10 C:\xampp\htdocs\simone_motta\blog\lib\Cake\View\View.php(883): View->_evaluate('C:\xampp\htdocs...', Array)
#11 C:\xampp\htdocs\simone_motta\blog\lib\Cake\View\View.php(475): View->_render('C:\xampp\htdocs...')
#12 C:\xampp\htdocs\simone_motta\blog\lib\Cake\Controller\Controller.php(957): View->render(NULL, NULL)
#13 C:\xampp\htdocs\simone_motta\blog\lib\Cake\Routing\Dispatcher.php(193): Controller->render()
#14 C:\xampp\htdocs\simone_motta\blog\lib\Cake\Routing\Dispatcher.php(161): Dispatcher->_invoke(Object(UsersController), Object(CakeRequest), Object(CakeResponse))
#15 C:\xampp\htdocs\simone_motta\blog\app\webroot\index.php(92): Dispatcher->dispatch(Object(CakeRequest), Object(CakeResponse))
#16 {main}
2012-11-28 00:07:47 Error: [MissingTableException] Table users for model User was not found in datasource default.
#0 C:\xampp\htdocs\simone_motta\blog\lib\Cake\Model\Model.php(3180): Model->setSource('users')
#1 C:\xampp\htdocs\simone_motta\blog\lib\Cake\Model\Model.php(1301): Model->getDataSource()
#2 C:\xampp\htdocs\simone_motta\blog\lib\Cake\View\Helper\FormHelper.php(197): Model->schema()
#3 C:\xampp\htdocs\simone_motta\blog\lib\Cake\View\Helper\FormHelper.php(436): FormHelper->_introspectModel('User', 'fields')
#4 C:\xampp\htdocs\simone_motta\blog\app\View\Elements\form_login.ctp(19): FormHelper->create('User', Array)
#5 C:\xampp\htdocs\simone_motta\blog\lib\Cake\View\View.php(920): include('C:\xampp\htdocs...')
#6 C:\xampp\htdocs\simone_motta\blog\lib\Cake\View\View.php(883): View->_evaluate('C:\xampp\htdocs...', Array)
#7 C:\xampp\htdocs\simone_motta\blog\lib\Cake\View\View.php(424): View->_render('C:\xampp\htdocs...', Array)
#8 C:\xampp\htdocs\simone_motta\blog\app\View\Users\login.ctp(5): View->element('form_login')
#9 C:\xampp\htdocs\simone_motta\blog\lib\Cake\View\View.php(920): include('C:\xampp\htdocs...')
#10 C:\xampp\htdocs\simone_motta\blog\lib\Cake\View\View.php(883): View->_evaluate('C:\xampp\htdocs...', Array)
#11 C:\xampp\htdocs\simone_motta\blog\lib\Cake\View\View.php(475): View->_render('C:\xampp\htdocs...')
#12 C:\xampp\htdocs\simone_motta\blog\lib\Cake\Controller\Controller.php(957): View->render(NULL, NULL)
#13 C:\xampp\htdocs\simone_motta\blog\lib\Cake\Routing\Dispatcher.php(193): Controller->render()
#14 C:\xampp\htdocs\simone_motta\blog\lib\Cake\Routing\Dispatcher.php(161): Dispatcher->_invoke(Object(UsersController), Object(CakeRequest), Object(CakeResponse))
#15 C:\xampp\htdocs\simone_motta\blog\app\webroot\index.php(92): Dispatcher->dispatch(Object(CakeRequest), Object(CakeResponse))
#16 {main}
2012-11-28 00:08:07 Error: [MissingTableException] Table users for model User was not found in datasource default.
#0 C:\xampp\htdocs\simone_motta\blog\lib\Cake\Model\Model.php(3180): Model->setSource('users')
#1 C:\xampp\htdocs\simone_motta\blog\lib\Cake\Model\Model.php(1301): Model->getDataSource()
#2 C:\xampp\htdocs\simone_motta\blog\lib\Cake\View\Helper\FormHelper.php(197): Model->schema()
#3 C:\xampp\htdocs\simone_motta\blog\lib\Cake\View\Helper\FormHelper.php(436): FormHelper->_introspectModel('User', 'fields')
#4 C:\xampp\htdocs\simone_motta\blog\app\View\Elements\form_login.ctp(19): FormHelper->create('User', Array)
#5 C:\xampp\htdocs\simone_motta\blog\lib\Cake\View\View.php(920): include('C:\xampp\htdocs...')
#6 C:\xampp\htdocs\simone_motta\blog\lib\Cake\View\View.php(883): View->_evaluate('C:\xampp\htdocs...', Array)
#7 C:\xampp\htdocs\simone_motta\blog\lib\Cake\View\View.php(424): View->_render('C:\xampp\htdocs...', Array)
#8 C:\xampp\htdocs\simone_motta\blog\app\View\Users\login.ctp(5): View->element('form_login')
#9 C:\xampp\htdocs\simone_motta\blog\lib\Cake\View\View.php(920): include('C:\xampp\htdocs...')
#10 C:\xampp\htdocs\simone_motta\blog\lib\Cake\View\View.php(883): View->_evaluate('C:\xampp\htdocs...', Array)
#11 C:\xampp\htdocs\simone_motta\blog\lib\Cake\View\View.php(475): View->_render('C:\xampp\htdocs...')
#12 C:\xampp\htdocs\simone_motta\blog\lib\Cake\Controller\Controller.php(957): View->render(NULL, NULL)
#13 C:\xampp\htdocs\simone_motta\blog\lib\Cake\Routing\Dispatcher.php(193): Controller->render()
#14 C:\xampp\htdocs\simone_motta\blog\lib\Cake\Routing\Dispatcher.php(161): Dispatcher->_invoke(Object(UsersController), Object(CakeRequest), Object(CakeResponse))
#15 C:\xampp\htdocs\simone_motta\blog\app\webroot\index.php(92): Dispatcher->dispatch(Object(CakeRequest), Object(CakeResponse))
#16 {main}
2012-11-28 00:10:06 Error: [MissingTableException] Table users for model User was not found in datasource default.
#0 C:\xampp\htdocs\simone_motta\blog\lib\Cake\Model\Model.php(3180): Model->setSource('users')
#1 C:\xampp\htdocs\simone_motta\blog\lib\Cake\Model\Model.php(1301): Model->getDataSource()
#2 C:\xampp\htdocs\simone_motta\blog\lib\Cake\View\Helper\FormHelper.php(197): Model->schema()
#3 C:\xampp\htdocs\simone_motta\blog\lib\Cake\View\Helper\FormHelper.php(436): FormHelper->_introspectModel('User', 'fields')
#4 C:\xampp\htdocs\simone_motta\blog\app\View\Elements\form_login.ctp(19): FormHelper->create('User', Array)
#5 C:\xampp\htdocs\simone_motta\blog\lib\Cake\View\View.php(920): include('C:\xampp\htdocs...')
#6 C:\xampp\htdocs\simone_motta\blog\lib\Cake\View\View.php(883): View->_evaluate('C:\xampp\htdocs...', Array)
#7 C:\xampp\htdocs\simone_motta\blog\lib\Cake\View\View.php(424): View->_render('C:\xampp\htdocs...', Array)
#8 C:\xampp\htdocs\simone_motta\blog\app\View\Users\login.ctp(5): View->element('form_login')
#9 C:\xampp\htdocs\simone_motta\blog\lib\Cake\View\View.php(920): include('C:\xampp\htdocs...')
#10 C:\xampp\htdocs\simone_motta\blog\lib\Cake\View\View.php(883): View->_evaluate('C:\xampp\htdocs...', Array)
#11 C:\xampp\htdocs\simone_motta\blog\lib\Cake\View\View.php(475): View->_render('C:\xampp\htdocs...')
#12 C:\xampp\htdocs\simone_motta\blog\lib\Cake\Controller\Controller.php(957): View->render(NULL, NULL)
#13 C:\xampp\htdocs\simone_motta\blog\lib\Cake\Routing\Dispatcher.php(193): Controller->render()
#14 C:\xampp\htdocs\simone_motta\blog\lib\Cake\Routing\Dispatcher.php(161): Dispatcher->_invoke(Object(UsersController), Object(CakeRequest), Object(CakeResponse))
#15 C:\xampp\htdocs\simone_motta\blog\app\webroot\index.php(92): Dispatcher->dispatch(Object(CakeRequest), Object(CakeResponse))
#16 {main}
2012-11-28 18:16:11 Error: [MissingActionException] Action PostsController::index() could not be found.
#0 C:\xampp\htdocs\simone_motta\blog\lib\Cake\Routing\Dispatcher.php(186): Controller->invokeAction(Object(CakeRequest))
#1 C:\xampp\htdocs\simone_motta\blog\lib\Cake\Routing\Dispatcher.php(161): Dispatcher->_invoke(Object(PostsController), Object(CakeRequest), Object(CakeResponse))
#2 C:\xampp\htdocs\simone_motta\blog\app\webroot\index.php(92): Dispatcher->dispatch(Object(CakeRequest), Object(CakeResponse))
#3 {main}
2012-11-28 18:17:09 Error: [MissingActionException] Action PostsController::index() could not be found.
#0 C:\xampp\htdocs\simone_motta\blog\lib\Cake\Routing\Dispatcher.php(186): Controller->invokeAction(Object(CakeRequest))
#1 C:\xampp\htdocs\simone_motta\blog\lib\Cake\Routing\Dispatcher.php(161): Dispatcher->_invoke(Object(PostsController), Object(CakeRequest), Object(CakeResponse))
#2 C:\xampp\htdocs\simone_motta\blog\app\webroot\index.php(92): Dispatcher->dispatch(Object(CakeRequest), Object(CakeResponse))
#3 {main}
2012-11-28 18:22:44 Error: [MissingTableException] Table posts for model Post was not found in datasource default.
#0 C:\xampp\htdocs\simone_motta\blog\lib\Cake\Model\Model.php(3180): Model->setSource('posts')
#1 C:\xampp\htdocs\simone_motta\blog\lib\Cake\Model\Model.php(2631): Model->getDataSource()
#2 C:\xampp\htdocs\simone_motta\blog\app\Controller\PostsController.php(8): Model->find('all')
#3 [internal function]: PostsController->index()
#4 C:\xampp\htdocs\simone_motta\blog\lib\Cake\Controller\Controller.php(485): ReflectionMethod->invokeArgs(Object(PostsController), Array)
#5 C:\xampp\htdocs\simone_motta\blog\lib\Cake\Routing\Dispatcher.php(186): Controller->invokeAction(Object(CakeRequest))
#6 C:\xampp\htdocs\simone_motta\blog\lib\Cake\Routing\Dispatcher.php(161): Dispatcher->_invoke(Object(PostsController), Object(CakeRequest), Object(CakeResponse))
#7 C:\xampp\htdocs\simone_motta\blog\app\webroot\index.php(92): Dispatcher->dispatch(Object(CakeRequest), Object(CakeResponse))
#8 {main}
2012-11-28 18:23:40 Error: [MissingTableException] Table posts for model Post was not found in datasource default.
#0 C:\xampp\htdocs\simone_motta\blog\lib\Cake\Model\Model.php(3180): Model->setSource('posts')
#1 C:\xampp\htdocs\simone_motta\blog\lib\Cake\Model\Model.php(2631): Model->getDataSource()
#2 C:\xampp\htdocs\simone_motta\blog\app\Controller\PostsController.php(8): Model->find('all')
#3 [internal function]: PostsController->index()
#4 C:\xampp\htdocs\simone_motta\blog\lib\Cake\Controller\Controller.php(485): ReflectionMethod->invokeArgs(Object(PostsController), Array)
#5 C:\xampp\htdocs\simone_motta\blog\lib\Cake\Routing\Dispatcher.php(186): Controller->invokeAction(Object(CakeRequest))
#6 C:\xampp\htdocs\simone_motta\blog\lib\Cake\Routing\Dispatcher.php(161): Dispatcher->_invoke(Object(PostsController), Object(CakeRequest), Object(CakeResponse))
#7 C:\xampp\htdocs\simone_motta\blog\app\webroot\index.php(92): Dispatcher->dispatch(Object(CakeRequest), Object(CakeResponse))
#8 {main}
2012-11-28 18:30:20 Error: [MissingConnectionException] Database connection "SQLSTATE[HY000] [1049] Unknown database 'posts'" is missing, or could not be created.
#0 C:\xampp\htdocs\simone_motta\blog\lib\Cake\Model\Datasource\DboSource.php(260): Mysql->connect()
#1 C:\xampp\htdocs\simone_motta\blog\lib\Cake\Model\ConnectionManager.php(101): DboSource->__construct(Array)
#2 C:\xampp\htdocs\simone_motta\blog\lib\Cake\Model\Model.php(3158): ConnectionManager::getDataSource('default')
#3 C:\xampp\htdocs\simone_motta\blog\lib\Cake\Model\Model.php(1092): Model->setDataSource('default')
#4 C:\xampp\htdocs\simone_motta\blog\lib\Cake\Model\Model.php(3180): Model->setSource('posts')
#5 C:\xampp\htdocs\simone_motta\blog\lib\Cake\Model\Model.php(2631): Model->getDataSource()
#6 C:\xampp\htdocs\simone_motta\blog\app\Controller\PostsController.php(8): Model->find('all')
#7 [internal function]: PostsController->index()
#8 C:\xampp\htdocs\simone_motta\blog\lib\Cake\Controller\Controller.php(485): ReflectionMethod->invokeArgs(Object(PostsController), Array)
#9 C:\xampp\htdocs\simone_motta\blog\lib\Cake\Routing\Dispatcher.php(186): Controller->invokeAction(Object(CakeRequest))
#10 C:\xampp\htdocs\simone_motta\blog\lib\Cake\Routing\Dispatcher.php(161): Dispatcher->_invoke(Object(PostsController), Object(CakeRequest), Object(CakeResponse))
#11 C:\xampp\htdocs\simone_motta\blog\app\webroot\index.php(92): Dispatcher->dispatch(Object(CakeRequest), Object(CakeResponse))
#12 {main}
